2021-12-12 17:31:57.776 INFO  com.yixinsun.wiki.config.WikiApplication          :55   [32m                  [0;39m Starting WikiApplication using Java 1.8.0_302 on Yixins-MacBook-Pro.local with PID 59119 (/Users/sunyixin/GitProjects/wiki/target/classes started by sunyixin in /Users/sunyixin/GitProjects/wiki)
2021-12-12 17:31:57.777 INFO  com.yixinsun.wiki.config.WikiApplication          :660  [32m                  [0;39m No active profile set, falling back to default profiles: default
2021-12-12 17:31:57.870 INFO  o.s.d.r.config.RepositoryConfigurationDelegate    :250  [32m                  [0;39m Multiple Spring Data modules found, entering strict repository configuration mode!
2021-12-12 17:31:57.870 INFO  o.s.d.r.config.RepositoryConfigurationDelegate    :128  [32m                  [0;39m Bootstrapping Spring Data Redis repositories in DEFAULT mode.
2021-12-12 17:31:57.871 INFO  o.s.d.r.config.RepositoryConfigurationDelegate    :188  [32m                  [0;39m Finished Spring Data repository scanning in 0 ms. Found 0 Redis repository interfaces.
2021-12-12 17:31:57.929 INFO  o.s.boot.web.embedded.tomcat.TomcatWebServer      :108  [32m                  [0;39m Tomcat initialized with port(s): 8880 (http)
2021-12-12 17:31:57.930 INFO  org.apache.coyote.http11.Http11NioProtocol        :173  [32m                  [0;39m Initializing ProtocolHandler ["http-nio-8880"]
2021-12-12 17:31:57.930 INFO  org.apache.catalina.core.StandardService          :173  [32m                  [0;39m Starting service [Tomcat]
2021-12-12 17:31:57.930 INFO  org.apache.catalina.core.StandardEngine           :173  [32m                  [0;39m Starting Servlet engine: [Apache Tomcat/9.0.39]
2021-12-12 17:31:57.933 INFO  o.a.c.core.ContainerBase.[Tomcat].[localhost].[/] :173  [32m                  [0;39m Initializing Spring embedded WebApplicationContext
2021-12-12 17:31:57.933 INFO  o.s.b.w.s.c.ServletWebServerApplicationContext    :289  [32m                  [0;39m Root WebApplicationContext: initialization completed in 153 ms
2021-12-12 17:31:58.065 INFO  o.s.scheduling.concurrent.ThreadPoolTaskExecutor  :181  [32m                  [0;39m Initializing ExecutorService 'applicationTaskExecutor'
2021-12-12 17:31:58.166 INFO  o.s.scheduling.concurrent.ThreadPoolTaskScheduler :181  [32m                  [0;39m Initializing ExecutorService 'taskScheduler'
2021-12-12 17:31:58.177 INFO  o.s.b.d.autoconfigure.OptionalLiveReloadServer    :58   [32m                  [0;39m LiveReload server is running on port 35729
2021-12-12 17:31:58.183 INFO  org.apache.coyote.http11.Http11NioProtocol        :173  [32m                  [0;39m Starting ProtocolHandler ["http-nio-8880"]
2021-12-12 17:31:58.184 INFO  o.s.boot.web.embedded.tomcat.TomcatWebServer      :220  [32m                  [0;39m Tomcat started on port(s): 8880 (http) with context path ''
2021-12-12 17:31:58.186 INFO  com.yixinsun.wiki.config.WikiApplication          :61   [32m                  [0;39m Started WikiApplication in 0.609 seconds (JVM running for 1402.341)
2021-12-12 17:31:58.187 INFO  o.s.b.d.a.ConditionEvaluationDeltaLoggingListener :63   [32m                  [0;39m Condition evaluation unchanged
2021-12-12 17:31:58.187 INFO  com.yixinsun.wiki.config.WikiApplication          :24   [32m                  [0;39m å¯åŠ¨æˆåŠŸï¼ï¼
2021-12-12 17:31:58.187 INFO  com.yixinsun.wiki.config.WikiApplication          :25   [32m                  [0;39m åœ°å€: 	http://127.0.0.1:8880
2021-12-12 17:32:05.006 INFO  com.yixinsun.wiki.job.DocJob                      :31   [32m125167783142100992[0;39m æ›´æ–°ç”µå­ä¹¦ä¸‹çš„æ–‡æ¡£æ•°æ®å¼€å§‹
2021-12-12 17:32:05.009 INFO  com.zaxxer.hikari.HikariDataSource                :110  [32m125167783142100992[0;39m HikariPool-4 - Starting...
2021-12-12 17:32:06.077 INFO  com.zaxxer.hikari.HikariDataSource                :123  [32m125167783142100992[0;39m HikariPool-4 - Start completed.
2021-12-12 17:32:06.077 DEBUG c.y.wiki.mapper.DocMapperCust.updateEbookInfo     :137  [32m125167783142100992[0;39m ==>  Preparing: update ebook t1, (select ebook_id, count(1) doc_count, sum(view_count) view_count, sum(vote_count) vote_count from doc group by ebook_id) t2 set t1.doc_count = t2.doc_count, t1.view_count = t2.view_count, t1.vote_count = t2.vote_count where t1.id = t2.ebook_id
2021-12-12 17:32:06.077 DEBUG c.y.wiki.mapper.DocMapperCust.updateEbookInfo     :137  [32m125167783142100992[0;39m ==> Parameters: 
2021-12-12 17:32:06.133 DEBUG c.y.wiki.mapper.DocMapperCust.updateEbookInfo     :137  [32m125167783142100992[0;39m <==    Updates: 1
2021-12-12 17:32:06.134 INFO  com.yixinsun.wiki.job.DocJob                      :34   [32m125167783142100992[0;39m æ›´æ–°ç”µå­ä¹¦ä¸‹çš„æ–‡æ¡£æ•°æ®ç»“æŸï¼Œè€—æ—¶ï¼š1126æ¯«ç§’
2021-12-12 17:32:35.005 INFO  com.yixinsun.wiki.job.DocJob                      :31   [32m125167908967026688[0;39m æ›´æ–°ç”µå­ä¹¦ä¸‹çš„æ–‡æ¡£æ•°æ®å¼€å§‹
2021-12-12 17:32:35.043 DEBUG c.y.wiki.mapper.DocMapperCust.updateEbookInfo     :137  [32m125167908967026688[0;39m ==>  Preparing: update ebook t1, (select ebook_id, count(1) doc_count, sum(view_count) view_count, sum(vote_count) vote_count from doc group by ebook_id) t2 set t1.doc_count = t2.doc_count, t1.view_count = t2.view_count, t1.vote_count = t2.vote_count where t1.id = t2.ebook_id
2021-12-12 17:32:35.044 DEBUG c.y.wiki.mapper.DocMapperCust.updateEbookInfo     :137  [32m125167908967026688[0;39m ==> Parameters: 
2021-12-12 17:32:35.105 DEBUG c.y.wiki.mapper.DocMapperCust.updateEbookInfo     :137  [32m125167908967026688[0;39m <==    Updates: 1
2021-12-12 17:32:35.107 INFO  com.yixinsun.wiki.job.DocJob                      :34   [32m125167908967026688[0;39m æ›´æ–°ç”µå­ä¹¦ä¸‹çš„æ–‡æ¡£æ•°æ®ç»“æŸï¼Œè€—æ—¶ï¼š101æ¯«ç§’
2021-12-12 17:33:05.003 INFO  com.yixinsun.wiki.job.DocJob                      :31   [32m125168034787758080[0;39m æ›´æ–°ç”µå­ä¹¦ä¸‹çš„æ–‡æ¡£æ•°æ®å¼€å§‹
2021-12-12 17:33:05.041 DEBUG c.y.wiki.mapper.DocMapperCust.updateEbookInfo     :137  [32m125168034787758080[0;39m ==>  Preparing: update ebook t1, (select ebook_id, count(1) doc_count, sum(view_count) view_count, sum(vote_count) vote_count from doc group by ebook_id) t2 set t1.doc_count = t2.doc_count, t1.view_count = t2.view_count, t1.vote_count = t2.vote_count where t1.id = t2.ebook_id
2021-12-12 17:33:05.042 DEBUG c.y.wiki.mapper.DocMapperCust.updateEbookInfo     :137  [32m125168034787758080[0;39m ==> Parameters: 
2021-12-12 17:33:05.099 DEBUG c.y.wiki.mapper.DocMapperCust.updateEbookInfo     :137  [32m125168034787758080[0;39m <==    Updates: 1
2021-12-12 17:33:05.100 INFO  com.yixinsun.wiki.job.DocJob                      :34   [32m125168034787758080[0;39m æ›´æ–°ç”µå­ä¹¦ä¸‹çš„æ–‡æ¡£æ•°æ®ç»“æŸï¼Œè€—æ—¶ï¼š96æ¯«ç§’
